2018/06/29 19:44:15 [error] [php] scandir(/opt/lampp/htdocs/tarefinha/protected/extensions/giix-core): failed to open dir: Permission denied (/opt/lampp/htdocs/yii/framework/gii/GiiModule.php:216)
Stack trace:
#0 /opt/lampp/htdocs/yii/framework/base/CModule.php(90): GiiModule->init()
#1 /opt/lampp/htdocs/yii/framework/YiiBase.php(213): GiiModule->__construct()
#2 /opt/lampp/htdocs/yii/framework/base/CModule.php(282): createComponent()
#3 /opt/lampp/htdocs/yii/framework/web/CWebApplication.php(337): CWebApplication->getModule()
#4 /opt/lampp/htdocs/yii/framework/web/CWebApplication.php(276): CWebApplication->createController()
#5 /opt/lampp/htdocs/yii/framework/web/CWebApplication.php(141): CWebApplication->runController()
#6 /opt/lampp/htdocs/yii/framework/base/CApplication.php(185): CWebApplication->processRequest()
#7 /opt/lampp/htdocs/tarefinha/index.php(13): CWebApplication->run()
REQUEST_URI=/tarefinha/index.php?r=gii
in /opt/lampp/htdocs/tarefinha/index.php (13)
2018/06/29 20:06:52 [error] [exception.CHttpException.404] exception 'CHttpException' with message 'The requested view "about" was not found.' in /opt/lampp/htdocs/yii/framework/web/actions/CViewAction.php:112
Stack trace:
#0 /opt/lampp/htdocs/yii/framework/web/actions/CViewAction.php(123): CViewAction->resolveView('about')
#1 /opt/lampp/htdocs/yii/framework/web/actions/CAction.php(76): CViewAction->run()
#2 /opt/lampp/htdocs/yii/framework/web/CController.php(308): CAction->runWithParams(Array)
#3 /opt/lampp/htdocs/yii/framework/web/CController.php(286): CController->runAction(Object(CViewAction))
#4 /opt/lampp/htdocs/yii/framework/web/CController.php(265): CController->runActionWithFilters(Object(CViewAction), Array)
#5 /opt/lampp/htdocs/yii/framework/web/CWebApplication.php(282): CController->run('page')
#6 /opt/lampp/htdocs/yii/framework/web/CWebApplication.php(141): CWebApplication->runController('site/page')
#7 /opt/lampp/htdocs/yii/framework/base/CApplication.php(185): CWebApplication->processRequest()
#8 /opt/lampp/htdocs/tarefinha/index.php(13): CApplication->run()
#9 {main}
REQUEST_URI=/tarefinha/index.php?r=site/page&view=about
HTTP_REFERER=http://localhost/tarefinha/index.php?r=site/index
---
2018/06/29 20:11:21 [error] [php] Undefined variable: model (/opt/lampp/htdocs/tarefinha/protected/views/site/index.php:36)
Stack trace:
#0 /opt/lampp/htdocs/yii/framework/web/CController.php(872): SiteController->renderFile()
#1 /opt/lampp/htdocs/yii/framework/web/CController.php(785): SiteController->renderPartial()
#2 /opt/lampp/htdocs/tarefinha/protected/controllers/SiteController.php(32): SiteController->render()
#3 /opt/lampp/htdocs/yii/framework/web/actions/CInlineAction.php(49): SiteController->actionIndex()
#4 /opt/lampp/htdocs/yii/framework/web/CController.php(308): CInlineAction->runWithParams()
#5 /opt/lampp/htdocs/yii/framework/web/CController.php(286): SiteController->runAction()
#6 /opt/lampp/htdocs/yii/framework/web/CController.php(265): SiteController->runActionWithFilters()
#7 /opt/lampp/htdocs/yii/framework/web/CWebApplication.php(282): SiteController->run()
#8 /opt/lampp/htdocs/yii/framework/web/CWebApplication.php(141): CWebApplication->runController()
#9 /opt/lampp/htdocs/yii/framework/base/CApplication.php(185): CWebApplication->processRequest()
#10 /opt/lampp/htdocs/tarefinha/index.php(13): CWebApplication->run()
REQUEST_URI=/tarefinha/index.php?r=site/index
in /opt/lampp/htdocs/tarefinha/protected/views/site/index.php (36)
in /opt/lampp/htdocs/tarefinha/protected/controllers/SiteController.php (32)
in /opt/lampp/htdocs/tarefinha/index.php (13)
2018/06/29 20:11:30 [error] [php] Undefined variable: model (/opt/lampp/htdocs/tarefinha/protected/views/site/index.php:38)
Stack trace:
#0 /opt/lampp/htdocs/yii/framework/web/CController.php(872): SiteController->renderFile()
#1 /opt/lampp/htdocs/yii/framework/web/CController.php(785): SiteController->renderPartial()
#2 /opt/lampp/htdocs/tarefinha/protected/controllers/SiteController.php(32): SiteController->render()
#3 /opt/lampp/htdocs/yii/framework/web/actions/CInlineAction.php(49): SiteController->actionIndex()
#4 /opt/lampp/htdocs/yii/framework/web/CController.php(308): CInlineAction->runWithParams()
#5 /opt/lampp/htdocs/yii/framework/web/CController.php(286): SiteController->runAction()
#6 /opt/lampp/htdocs/yii/framework/web/CController.php(265): SiteController->runActionWithFilters()
#7 /opt/lampp/htdocs/yii/framework/web/CWebApplication.php(282): SiteController->run()
#8 /opt/lampp/htdocs/yii/framework/web/CWebApplication.php(141): CWebApplication->runController()
#9 /opt/lampp/htdocs/yii/framework/base/CApplication.php(185): CWebApplication->processRequest()
#10 /opt/lampp/htdocs/tarefinha/index.php(13): CWebApplication->run()
REQUEST_URI=/tarefinha/index.php?r=site/index
in /opt/lampp/htdocs/tarefinha/protected/views/site/index.php (38)
in /opt/lampp/htdocs/tarefinha/protected/controllers/SiteController.php (32)
in /opt/lampp/htdocs/tarefinha/index.php (13)
2018/06/29 20:12:36 [error] [php] Undefined variable: model (/opt/lampp/htdocs/tarefinha/protected/views/site/index.php:33)
Stack trace:
#0 /opt/lampp/htdocs/yii/framework/web/CController.php(872): SiteController->renderFile()
#1 /opt/lampp/htdocs/yii/framework/web/CController.php(785): SiteController->renderPartial()
#2 /opt/lampp/htdocs/tarefinha/protected/controllers/SiteController.php(32): SiteController->render()
#3 /opt/lampp/htdocs/yii/framework/web/actions/CInlineAction.php(49): SiteController->actionIndex()
#4 /opt/lampp/htdocs/yii/framework/web/CController.php(308): CInlineAction->runWithParams()
#5 /opt/lampp/htdocs/yii/framework/web/CController.php(286): SiteController->runAction()
#6 /opt/lampp/htdocs/yii/framework/web/CController.php(265): SiteController->runActionWithFilters()
#7 /opt/lampp/htdocs/yii/framework/web/CWebApplication.php(282): SiteController->run()
#8 /opt/lampp/htdocs/yii/framework/web/CWebApplication.php(141): CWebApplication->runController()
#9 /opt/lampp/htdocs/yii/framework/base/CApplication.php(185): CWebApplication->processRequest()
#10 /opt/lampp/htdocs/tarefinha/index.php(13): CWebApplication->run()
REQUEST_URI=/tarefinha/index.php?r=site/index
in /opt/lampp/htdocs/tarefinha/protected/views/site/index.php (33)
in /opt/lampp/htdocs/tarefinha/protected/controllers/SiteController.php (32)
in /opt/lampp/htdocs/tarefinha/index.php (13)
2018/06/29 20:16:15 [error] [php] Undefined variable: model (/opt/lampp/htdocs/tarefinha/protected/views/site/index.php:33)
Stack trace:
#0 /opt/lampp/htdocs/yii/framework/web/CController.php(872): SiteController->renderFile()
#1 /opt/lampp/htdocs/yii/framework/web/CController.php(785): SiteController->renderPartial()
#2 /opt/lampp/htdocs/tarefinha/protected/controllers/SiteController.php(32): SiteController->render()
#3 /opt/lampp/htdocs/yii/framework/web/actions/CInlineAction.php(49): SiteController->actionIndex()
#4 /opt/lampp/htdocs/yii/framework/web/CController.php(308): CInlineAction->runWithParams()
#5 /opt/lampp/htdocs/yii/framework/web/CController.php(286): SiteController->runAction()
#6 /opt/lampp/htdocs/yii/framework/web/CController.php(265): SiteController->runActionWithFilters()
#7 /opt/lampp/htdocs/yii/framework/web/CWebApplication.php(282): SiteController->run()
#8 /opt/lampp/htdocs/yii/framework/web/CWebApplication.php(141): CWebApplication->runController()
#9 /opt/lampp/htdocs/yii/framework/base/CApplication.php(185): CWebApplication->processRequest()
#10 /opt/lampp/htdocs/tarefinha/index.php(13): CWebApplication->run()
REQUEST_URI=/tarefinha/index.php?r=site/index
in /opt/lampp/htdocs/tarefinha/protected/views/site/index.php (33)
in /opt/lampp/htdocs/tarefinha/protected/controllers/SiteController.php (32)
in /opt/lampp/htdocs/tarefinha/index.php (13)
2018/06/29 20:17:31 [error] [exception.CHttpException.404] exception 'CHttpException' with message 'Unable to resolve the request "giix".' in /opt/lampp/htdocs/yii/framework/web/CWebApplication.php:286
Stack trace:
#0 /opt/lampp/htdocs/yii/framework/web/CWebApplication.php(141): CWebApplication->runController('giix')
#1 /opt/lampp/htdocs/yii/framework/base/CApplication.php(185): CWebApplication->processRequest()
#2 /opt/lampp/htdocs/tarefinha/index.php(13): CApplication->run()
#3 {main}
REQUEST_URI=/tarefinha/index.php?r=giix
---
2018/06/29 20:17:43 [error] [exception.CHttpException.404] exception 'CHttpException' with message 'Unable to resolve the request "giix".' in /opt/lampp/htdocs/yii/framework/web/CWebApplication.php:286
Stack trace:
#0 /opt/lampp/htdocs/yii/framework/web/CWebApplication.php(141): CWebApplication->runController('giix')
#1 /opt/lampp/htdocs/yii/framework/base/CApplication.php(185): CWebApplication->processRequest()
#2 /opt/lampp/htdocs/tarefinha/index.php(13): CApplication->run()
#3 {main}
REQUEST_URI=/tarefinha/index.php?r=giix
---
2018/06/29 20:17:44 [error] [exception.CHttpException.404] exception 'CHttpException' with message 'Unable to resolve the request "giix".' in /opt/lampp/htdocs/yii/framework/web/CWebApplication.php:286
Stack trace:
#0 /opt/lampp/htdocs/yii/framework/web/CWebApplication.php(141): CWebApplication->runController('giix')
#1 /opt/lampp/htdocs/yii/framework/base/CApplication.php(185): CWebApplication->processRequest()
#2 /opt/lampp/htdocs/tarefinha/index.php(13): CApplication->run()
#3 {main}
REQUEST_URI=/tarefinha/index.php?r=giix
---
2018/06/29 20:17:44 [error] [exception.CHttpException.404] exception 'CHttpException' with message 'Unable to resolve the request "giix".' in /opt/lampp/htdocs/yii/framework/web/CWebApplication.php:286
Stack trace:
#0 /opt/lampp/htdocs/yii/framework/web/CWebApplication.php(141): CWebApplication->runController('giix')
#1 /opt/lampp/htdocs/yii/framework/base/CApplication.php(185): CWebApplication->processRequest()
#2 /opt/lampp/htdocs/tarefinha/index.php(13): CApplication->run()
#3 {main}
REQUEST_URI=/tarefinha/index.php?r=giix
---
2018/06/29 20:17:44 [error] [exception.CHttpException.404] exception 'CHttpException' with message 'Unable to resolve the request "giix".' in /opt/lampp/htdocs/yii/framework/web/CWebApplication.php:286
Stack trace:
#0 /opt/lampp/htdocs/yii/framework/web/CWebApplication.php(141): CWebApplication->runController('giix')
#1 /opt/lampp/htdocs/yii/framework/base/CApplication.php(185): CWebApplication->processRequest()
#2 /opt/lampp/htdocs/tarefinha/index.php(13): CApplication->run()
#3 {main}
REQUEST_URI=/tarefinha/index.php?r=giix
---
2018/06/29 20:17:45 [error] [exception.CHttpException.404] exception 'CHttpException' with message 'Unable to resolve the request "giix".' in /opt/lampp/htdocs/yii/framework/web/CWebApplication.php:286
Stack trace:
#0 /opt/lampp/htdocs/yii/framework/web/CWebApplication.php(141): CWebApplication->runController('giix')
#1 /opt/lampp/htdocs/yii/framework/base/CApplication.php(185): CWebApplication->processRequest()
#2 /opt/lampp/htdocs/tarefinha/index.php(13): CApplication->run()
#3 {main}
REQUEST_URI=/tarefinha/index.php?r=giix
---
2018/06/29 20:17:45 [error] [exception.CHttpException.404] exception 'CHttpException' with message 'Unable to resolve the request "giix".' in /opt/lampp/htdocs/yii/framework/web/CWebApplication.php:286
Stack trace:
#0 /opt/lampp/htdocs/yii/framework/web/CWebApplication.php(141): CWebApplication->runController('giix')
#1 /opt/lampp/htdocs/yii/framework/base/CApplication.php(185): CWebApplication->processRequest()
#2 /opt/lampp/htdocs/tarefinha/index.php(13): CApplication->run()
#3 {main}
REQUEST_URI=/tarefinha/index.php?r=giix
---
2018/06/29 20:17:53 [error] [exception.CHttpException.404] exception 'CHttpException' with message 'Unable to resolve the request "giix".' in /opt/lampp/htdocs/yii/framework/web/CWebApplication.php:286
Stack trace:
#0 /opt/lampp/htdocs/yii/framework/web/CWebApplication.php(141): CWebApplication->runController('giix')
#1 /opt/lampp/htdocs/yii/framework/base/CApplication.php(185): CWebApplication->processRequest()
#2 /opt/lampp/htdocs/tarefinha/index.php(13): CApplication->run()
#3 {main}
REQUEST_URI=/tarefinha/index.php?r=giix
---
2018/06/29 21:12:58 [warning] [application] Failed to set unsafe attribute "tarefases" of "TipoTarefa".
in /opt/lampp/htdocs/tarefinha/protected/controllers/TipoTarefaController.php (17)
in /opt/lampp/htdocs/tarefinha/index.php (13)
2018/06/29 21:16:03 [warning] [application] Failed to set unsafe attribute "tarefases" of "TipoTarefa".
in /opt/lampp/htdocs/tarefinha/protected/controllers/TipoTarefaController.php (17)
in /opt/lampp/htdocs/tarefinha/index.php (13)
2018/06/29 21:16:24 [warning] [application] Failed to set unsafe attribute "tarefases" of "TipoTarefa".
in /opt/lampp/htdocs/tarefinha/protected/controllers/TipoTarefaController.php (17)
in /opt/lampp/htdocs/tarefinha/index.php (13)
2018/06/29 21:16:50 [warning] [application] Failed to set unsafe attribute "tarefases" of "TipoTarefa".
in /opt/lampp/htdocs/tarefinha/protected/controllers/TipoTarefaController.php (17)
in /opt/lampp/htdocs/tarefinha/index.php (13)
2018/06/29 21:16:50 [error] [php] Array to string conversion (/opt/lampp/htdocs/tarefinha/protected/controllers/TipoTarefaController.php:19)
Stack trace:
#0 /opt/lampp/htdocs/yii/framework/web/CController.php(286): TipoTarefaController->runAction()
#1 /opt/lampp/htdocs/yii/framework/web/CController.php(265): TipoTarefaController->runActionWithFilters()
#2 /opt/lampp/htdocs/yii/framework/web/CWebApplication.php(282): TipoTarefaController->run()
#3 /opt/lampp/htdocs/yii/framework/web/CWebApplication.php(141): CWebApplication->runController()
#4 /opt/lampp/htdocs/yii/framework/base/CApplication.php(185): CWebApplication->processRequest()
#5 /opt/lampp/htdocs/tarefinha/index.php(13): CWebApplication->run()
REQUEST_URI=/tarefinha/index.php?r=tipoTarefa/create
in /opt/lampp/htdocs/tarefinha/protected/controllers/TipoTarefaController.php (19)
in /opt/lampp/htdocs/tarefinha/index.php (13)
2018/06/29 21:19:12 [warning] [application] Failed to set unsafe attribute "tarefases" of "TipoTarefa".
in /opt/lampp/htdocs/tarefinha/protected/controllers/TipoTarefaController.php (18)
in /opt/lampp/htdocs/tarefinha/index.php (13)
2018/06/29 21:23:54 [warning] [application] Failed to set unsafe attribute "tarefases" of "TipoTarefa".
in /opt/lampp/htdocs/tarefinha/protected/controllers/TipoTarefaController.php (18)
in /opt/lampp/htdocs/tarefinha/index.php (13)
2018/06/29 21:26:11 [warning] [application] Failed to set unsafe attribute "tarefases" of "TipoTarefa".
in /opt/lampp/htdocs/tarefinha/protected/controllers/TipoTarefaController.php (18)
in /opt/lampp/htdocs/tarefinha/index.php (13)
2018/06/29 21:29:21 [warning] [application] Failed to set unsafe attribute "tarefases" of "TipoTarefa".
in /opt/lampp/htdocs/tarefinha/protected/controllers/TipoTarefaController.php (18)
in /opt/lampp/htdocs/tarefinha/index.php (13)
2018/06/29 21:29:44 [warning] [application] Failed to set unsafe attribute "tarefases" of "TipoTarefa".
in /opt/lampp/htdocs/tarefinha/protected/controllers/TipoTarefaController.php (18)
in /opt/lampp/htdocs/tarefinha/index.php (13)
2018/06/29 21:31:54 [warning] [application] Failed to set unsafe attribute "tarefases" of "TipoTarefa".
in /opt/lampp/htdocs/tarefinha/protected/controllers/TipoTarefaController.php (18)
in /opt/lampp/htdocs/tarefinha/index.php (13)
2018/06/29 21:31:54 [error] [php] Cannot modify header information - headers already sent by (output started at /opt/lampp/htdocs/tarefinha/protected/controllers/TipoTarefaController.php:23) (/opt/lampp/htdocs/yii/framework/web/CHttpRequest.php:889)
Stack trace:
#0 /opt/lampp/htdocs/tarefinha/protected/controllers/TipoTarefaController.php(29): TipoTarefaController->redirect()
#1 /opt/lampp/htdocs/yii/framework/web/actions/CInlineAction.php(49): TipoTarefaController->actionCreate()
#2 /opt/lampp/htdocs/yii/framework/web/CController.php(308): CInlineAction->runWithParams()
#3 /opt/lampp/htdocs/yii/framework/web/CController.php(286): TipoTarefaController->runAction()
#4 /opt/lampp/htdocs/yii/framework/web/CController.php(265): TipoTarefaController->runActionWithFilters()
#5 /opt/lampp/htdocs/yii/framework/web/CWebApplication.php(282): TipoTarefaController->run()
#6 /opt/lampp/htdocs/yii/framework/web/CWebApplication.php(141): CWebApplication->runController()
#7 /opt/lampp/htdocs/yii/framework/base/CApplication.php(185): CWebApplication->processRequest()
#8 /opt/lampp/htdocs/tarefinha/index.php(13): CWebApplication->run()
REQUEST_URI=/tarefinha/index.php?r=tipoTarefa/create
in /opt/lampp/htdocs/tarefinha/protected/controllers/TipoTarefaController.php (29)
in /opt/lampp/htdocs/tarefinha/index.php (13)
2018/06/29 21:32:04 [warning] [application] Failed to set unsafe attribute "tarefases" of "TipoTarefa".
in /opt/lampp/htdocs/tarefinha/protected/controllers/TipoTarefaController.php (18)
in /opt/lampp/htdocs/tarefinha/index.php (13)
2018/06/29 21:32:04 [error] [php] Cannot modify header information - headers already sent by (output started at /opt/lampp/htdocs/tarefinha/protected/controllers/TipoTarefaController.php:23) (/opt/lampp/htdocs/yii/framework/web/CHttpRequest.php:889)
Stack trace:
#0 /opt/lampp/htdocs/tarefinha/protected/controllers/TipoTarefaController.php(29): TipoTarefaController->redirect()
#1 /opt/lampp/htdocs/yii/framework/web/actions/CInlineAction.php(49): TipoTarefaController->actionCreate()
#2 /opt/lampp/htdocs/yii/framework/web/CController.php(308): CInlineAction->runWithParams()
#3 /opt/lampp/htdocs/yii/framework/web/CController.php(286): TipoTarefaController->runAction()
#4 /opt/lampp/htdocs/yii/framework/web/CController.php(265): TipoTarefaController->runActionWithFilters()
#5 /opt/lampp/htdocs/yii/framework/web/CWebApplication.php(282): TipoTarefaController->run()
#6 /opt/lampp/htdocs/yii/framework/web/CWebApplication.php(141): CWebApplication->runController()
#7 /opt/lampp/htdocs/yii/framework/base/CApplication.php(185): CWebApplication->processRequest()
#8 /opt/lampp/htdocs/tarefinha/index.php(13): CWebApplication->run()
REQUEST_URI=/tarefinha/index.php?r=tipoTarefa/create
in /opt/lampp/htdocs/tarefinha/protected/controllers/TipoTarefaController.php (29)
in /opt/lampp/htdocs/tarefinha/index.php (13)
2018/06/29 21:32:15 [warning] [application] Failed to set unsafe attribute "tarefases" of "TipoTarefa".
in /opt/lampp/htdocs/tarefinha/protected/controllers/TipoTarefaController.php (18)
in /opt/lampp/htdocs/tarefinha/index.php (13)
2018/06/29 21:33:19 [warning] [application] Failed to set unsafe attribute "tarefases" of "TipoTarefa".
in /opt/lampp/htdocs/tarefinha/protected/controllers/TipoTarefaController.php (18)
in /opt/lampp/htdocs/tarefinha/index.php (13)
2018/06/29 21:33:59 [warning] [application] Failed to set unsafe attribute "tarefases" of "TipoTarefa".
in /opt/lampp/htdocs/tarefinha/protected/controllers/TipoTarefaController.php (18)
in /opt/lampp/htdocs/tarefinha/index.php (13)
2018/06/29 21:34:09 [warning] [application] Failed to set unsafe attribute "tarefases" of "TipoTarefa".
in /opt/lampp/htdocs/tarefinha/protected/controllers/TipoTarefaController.php (18)
in /opt/lampp/htdocs/tarefinha/index.php (13)
2018/06/29 21:43:58 [error] [php] Invalid argument supplied for foreach() (/opt/lampp/htdocs/tarefinha/protected/extensions/giix-components/GxHtml.php:80)
Stack trace:
#0 /opt/lampp/htdocs/yii/framework/web/CBaseController.php(95): TarefasController->renderInternal()
#1 /opt/lampp/htdocs/yii/framework/web/CController.php(872): TarefasController->renderFile()
#2 /opt/lampp/htdocs/tarefinha/protected/views/tarefas/create.php(19): TarefasController->renderPartial()
#3 /opt/lampp/htdocs/yii/framework/web/CBaseController.php(126): require()
#4 /opt/lampp/htdocs/yii/framework/web/CBaseController.php(95): TarefasController->renderInternal()
#5 /opt/lampp/htdocs/yii/framework/web/CController.php(872): TarefasController->renderFile()
#6 /opt/lampp/htdocs/yii/framework/web/CController.php(785): TarefasController->renderPartial()
#7 /opt/lampp/htdocs/tarefinha/protected/controllers/TarefasController.php(27): TarefasController->render()
#8 /opt/lampp/htdocs/yii/framework/web/actions/CInlineAction.php(49): TarefasController->actionCreate()
#9 /opt/lampp/htdocs/yii/framework/web/CController.php(308): CInlineAction->runWithParams()
#10 /opt/lampp/htdocs/yii/framework/web/CController.php(286): TarefasController->runAction()
#11 /opt/lampp/htdocs/yii/framework/web/CController.php(265): TarefasController->runActionWithFilters()
#12 /opt/lampp/htdocs/yii/framework/web/CWebApplication.php(282): TarefasController->run()
#13 /opt/lampp/htdocs/yii/framework/web/CWebApplication.php(141): CWebApplication->runController()
#14 /opt/lampp/htdocs/yii/framework/base/CApplication.php(185): CWebApplication->processRequest()
#15 /opt/lampp/htdocs/tarefinha/index.php(13): CWebApplication->run()
REQUEST_URI=/tarefinha/index.php?r=tarefas/create
in /opt/lampp/htdocs/tarefinha/protected/extensions/giix-components/GxHtml.php (80)
in /opt/lampp/htdocs/tarefinha/protected/views/tarefas/_form.php (29)
in /opt/lampp/htdocs/tarefinha/protected/views/tarefas/create.php (19)
2018/06/29 21:44:45 [error] [php] Invalid argument supplied for foreach() (/opt/lampp/htdocs/tarefinha/protected/extensions/giix-components/GxHtml.php:80)
Stack trace:
#0 /opt/lampp/htdocs/yii/framework/web/CBaseController.php(95): TarefasController->renderInternal()
#1 /opt/lampp/htdocs/yii/framework/web/CController.php(872): TarefasController->renderFile()
#2 /opt/lampp/htdocs/tarefinha/protected/views/tarefas/create.php(19): TarefasController->renderPartial()
#3 /opt/lampp/htdocs/yii/framework/web/CBaseController.php(126): require()
#4 /opt/lampp/htdocs/yii/framework/web/CBaseController.php(95): TarefasController->renderInternal()
#5 /opt/lampp/htdocs/yii/framework/web/CController.php(872): TarefasController->renderFile()
#6 /opt/lampp/htdocs/yii/framework/web/CController.php(785): TarefasController->renderPartial()
#7 /opt/lampp/htdocs/tarefinha/protected/controllers/TarefasController.php(27): TarefasController->render()
#8 /opt/lampp/htdocs/yii/framework/web/actions/CInlineAction.php(49): TarefasController->actionCreate()
#9 /opt/lampp/htdocs/yii/framework/web/CController.php(308): CInlineAction->runWithParams()
#10 /opt/lampp/htdocs/yii/framework/web/CController.php(286): TarefasController->runAction()
#11 /opt/lampp/htdocs/yii/framework/web/CController.php(265): TarefasController->runActionWithFilters()
#12 /opt/lampp/htdocs/yii/framework/web/CWebApplication.php(282): TarefasController->run()
#13 /opt/lampp/htdocs/yii/framework/web/CWebApplication.php(141): CWebApplication->runController()
#14 /opt/lampp/htdocs/yii/framework/base/CApplication.php(185): CWebApplication->processRequest()
#15 /opt/lampp/htdocs/tarefinha/index.php(13): CWebApplication->run()
REQUEST_URI=/tarefinha/index.php?r=tarefas/create
in /opt/lampp/htdocs/tarefinha/protected/extensions/giix-components/GxHtml.php (80)
in /opt/lampp/htdocs/tarefinha/protected/views/tarefas/_form.php (29)
in /opt/lampp/htdocs/tarefinha/protected/views/tarefas/create.php (19)
2018/06/29 21:44:45 [error] [php] Invalid argument supplied for foreach() (/opt/lampp/htdocs/tarefinha/protected/extensions/giix-components/GxHtml.php:80)
Stack trace:
#0 /opt/lampp/htdocs/yii/framework/web/CBaseController.php(95): TarefasController->renderInternal()
#1 /opt/lampp/htdocs/yii/framework/web/CController.php(872): TarefasController->renderFile()
#2 /opt/lampp/htdocs/tarefinha/protected/views/tarefas/create.php(19): TarefasController->renderPartial()
#3 /opt/lampp/htdocs/yii/framework/web/CBaseController.php(126): require()
#4 /opt/lampp/htdocs/yii/framework/web/CBaseController.php(95): TarefasController->renderInternal()
#5 /opt/lampp/htdocs/yii/framework/web/CController.php(872): TarefasController->renderFile()
#6 /opt/lampp/htdocs/yii/framework/web/CController.php(785): TarefasController->renderPartial()
#7 /opt/lampp/htdocs/tarefinha/protected/controllers/TarefasController.php(27): TarefasController->render()
#8 /opt/lampp/htdocs/yii/framework/web/actions/CInlineAction.php(49): TarefasController->actionCreate()
#9 /opt/lampp/htdocs/yii/framework/web/CController.php(308): CInlineAction->runWithParams()
#10 /opt/lampp/htdocs/yii/framework/web/CController.php(286): TarefasController->runAction()
#11 /opt/lampp/htdocs/yii/framework/web/CController.php(265): TarefasController->runActionWithFilters()
#12 /opt/lampp/htdocs/yii/framework/web/CWebApplication.php(282): TarefasController->run()
#13 /opt/lampp/htdocs/yii/framework/web/CWebApplication.php(141): CWebApplication->runController()
#14 /opt/lampp/htdocs/yii/framework/base/CApplication.php(185): CWebApplication->processRequest()
#15 /opt/lampp/htdocs/tarefinha/index.php(13): CWebApplication->run()
REQUEST_URI=/tarefinha/index.php?r=tarefas/create
in /opt/lampp/htdocs/tarefinha/protected/extensions/giix-components/GxHtml.php (80)
in /opt/lampp/htdocs/tarefinha/protected/views/tarefas/_form.php (29)
in /opt/lampp/htdocs/tarefinha/protected/views/tarefas/create.php (19)
2018/06/29 21:45:37 [error] [php] Invalid argument supplied for foreach() (/opt/lampp/htdocs/tarefinha/protected/extensions/giix-components/GxHtml.php:80)
Stack trace:
#0 /opt/lampp/htdocs/yii/framework/web/CBaseController.php(95): TarefasController->renderInternal()
#1 /opt/lampp/htdocs/yii/framework/web/CController.php(872): TarefasController->renderFile()
#2 /opt/lampp/htdocs/tarefinha/protected/views/tarefas/create.php(19): TarefasController->renderPartial()
#3 /opt/lampp/htdocs/yii/framework/web/CBaseController.php(126): require()
#4 /opt/lampp/htdocs/yii/framework/web/CBaseController.php(95): TarefasController->renderInternal()
#5 /opt/lampp/htdocs/yii/framework/web/CController.php(872): TarefasController->renderFile()
#6 /opt/lampp/htdocs/yii/framework/web/CController.php(785): TarefasController->renderPartial()
#7 /opt/lampp/htdocs/tarefinha/protected/controllers/TarefasController.php(27): TarefasController->render()
#8 /opt/lampp/htdocs/yii/framework/web/actions/CInlineAction.php(49): TarefasController->actionCreate()
#9 /opt/lampp/htdocs/yii/framework/web/CController.php(308): CInlineAction->runWithParams()
#10 /opt/lampp/htdocs/yii/framework/web/CController.php(286): TarefasController->runAction()
#11 /opt/lampp/htdocs/yii/framework/web/CController.php(265): TarefasController->runActionWithFilters()
#12 /opt/lampp/htdocs/yii/framework/web/CWebApplication.php(282): TarefasController->run()
#13 /opt/lampp/htdocs/yii/framework/web/CWebApplication.php(141): CWebApplication->runController()
#14 /opt/lampp/htdocs/yii/framework/base/CApplication.php(185): CWebApplication->processRequest()
#15 /opt/lampp/htdocs/tarefinha/index.php(13): CWebApplication->run()
REQUEST_URI=/tarefinha/index.php?r=tarefas/create
in /opt/lampp/htdocs/tarefinha/protected/extensions/giix-components/GxHtml.php (80)
in /opt/lampp/htdocs/tarefinha/protected/views/tarefas/_form.php (29)
in /opt/lampp/htdocs/tarefinha/protected/views/tarefas/create.php (19)
2018/06/29 21:47:37 [error] [php] Illegal string offset 'name' (/opt/lampp/htdocs/yii/framework/web/helpers/CHtml.php:2689)
Stack trace:
#0 /opt/lampp/htdocs/tarefinha/protected/views/tarefas/_form.php(29): GxActiveForm->dropDownList()
#1 /opt/lampp/htdocs/yii/framework/web/CBaseController.php(126): require()
#2 /opt/lampp/htdocs/yii/framework/web/CBaseController.php(95): TarefasController->renderInternal()
#3 /opt/lampp/htdocs/yii/framework/web/CController.php(872): TarefasController->renderFile()
#4 /opt/lampp/htdocs/tarefinha/protected/views/tarefas/create.php(19): TarefasController->renderPartial()
#5 /opt/lampp/htdocs/yii/framework/web/CBaseController.php(126): require()
#6 /opt/lampp/htdocs/yii/framework/web/CBaseController.php(95): TarefasController->renderInternal()
#7 /opt/lampp/htdocs/yii/framework/web/CController.php(872): TarefasController->renderFile()
#8 /opt/lampp/htdocs/yii/framework/web/CController.php(785): TarefasController->renderPartial()
#9 /opt/lampp/htdocs/tarefinha/protected/controllers/TarefasController.php(27): TarefasController->render()
#10 /opt/lampp/htdocs/yii/framework/web/actions/CInlineAction.php(49): TarefasController->actionCreate()
#11 /opt/lampp/htdocs/yii/framework/web/CController.php(308): CInlineAction->runWithParams()
#12 /opt/lampp/htdocs/yii/framework/web/CController.php(286): TarefasController->runAction()
#13 /opt/lampp/htdocs/yii/framework/web/CController.php(265): TarefasController->runActionWithFilters()
#14 /opt/lampp/htdocs/yii/framework/web/CWebApplication.php(282): TarefasController->run()
#15 /opt/lampp/htdocs/yii/framework/web/CWebApplication.php(141): CWebApplication->runController()
#16 /opt/lampp/htdocs/yii/framework/base/CApplication.php(185): CWebApplication->processRequest()
#17 /opt/lampp/htdocs/tarefinha/index.php(13): CWebApplication->run()
REQUEST_URI=/tarefinha/index.php?r=tarefas/create
in /opt/lampp/htdocs/tarefinha/protected/views/tarefas/_form.php (29)
in /opt/lampp/htdocs/tarefinha/protected/views/tarefas/create.php (19)
in /opt/lampp/htdocs/tarefinha/protected/controllers/TarefasController.php (27)
2018/06/29 21:48:17 [error] [php] Missing argument 3 for CActiveForm::dropDownList(), called in /opt/lampp/htdocs/tarefinha/protected/views/tarefas/_form.php on line 29 and defined (/opt/lampp/htdocs/yii/framework/web/widgets/CActiveForm.php:912)
Stack trace:
#0 /opt/lampp/htdocs/yii/framework/web/CBaseController.php(95): TarefasController->renderInternal()
#1 /opt/lampp/htdocs/yii/framework/web/CController.php(872): TarefasController->renderFile()
#2 /opt/lampp/htdocs/tarefinha/protected/views/tarefas/create.php(19): TarefasController->renderPartial()
#3 /opt/lampp/htdocs/yii/framework/web/CBaseController.php(126): require()
#4 /opt/lampp/htdocs/yii/framework/web/CBaseController.php(95): TarefasController->renderInternal()
#5 /opt/lampp/htdocs/yii/framework/web/CController.php(872): TarefasController->renderFile()
#6 /opt/lampp/htdocs/yii/framework/web/CController.php(785): TarefasController->renderPartial()
#7 /opt/lampp/htdocs/tarefinha/protected/controllers/TarefasController.php(27): TarefasController->render()
#8 /opt/lampp/htdocs/yii/framework/web/actions/CInlineAction.php(49): TarefasController->actionCreate()
#9 /opt/lampp/htdocs/yii/framework/web/CController.php(308): CInlineAction->runWithParams()
#10 /opt/lampp/htdocs/yii/framework/web/CController.php(286): TarefasController->runAction()
#11 /opt/lampp/htdocs/yii/framework/web/CController.php(265): TarefasController->runActionWithFilters()
#12 /opt/lampp/htdocs/yii/framework/web/CWebApplication.php(282): TarefasController->run()
#13 /opt/lampp/htdocs/yii/framework/web/CWebApplication.php(141): CWebApplication->runController()
#14 /opt/lampp/htdocs/yii/framework/base/CApplication.php(185): CWebApplication->processRequest()
#15 /opt/lampp/htdocs/tarefinha/index.php(13): CWebApplication->run()
REQUEST_URI=/tarefinha/index.php?r=tarefas/create
in /opt/lampp/htdocs/tarefinha/protected/views/tarefas/_form.php (29)
in /opt/lampp/htdocs/tarefinha/protected/views/tarefas/create.php (19)
in /opt/lampp/htdocs/tarefinha/protected/controllers/TarefasController.php (27)
2018/06/29 21:48:22 [error] [php] Missing argument 3 for CActiveForm::dropDownList(), called in /opt/lampp/htdocs/tarefinha/protected/views/tarefas/_form.php on line 29 and defined (/opt/lampp/htdocs/yii/framework/web/widgets/CActiveForm.php:912)
Stack trace:
#0 /opt/lampp/htdocs/yii/framework/web/CBaseController.php(95): TarefasController->renderInternal()
#1 /opt/lampp/htdocs/yii/framework/web/CController.php(872): TarefasController->renderFile()
#2 /opt/lampp/htdocs/tarefinha/protected/views/tarefas/create.php(19): TarefasController->renderPartial()
#3 /opt/lampp/htdocs/yii/framework/web/CBaseController.php(126): require()
#4 /opt/lampp/htdocs/yii/framework/web/CBaseController.php(95): TarefasController->renderInternal()
#5 /opt/lampp/htdocs/yii/framework/web/CController.php(872): TarefasController->renderFile()
#6 /opt/lampp/htdocs/yii/framework/web/CController.php(785): TarefasController->renderPartial()
#7 /opt/lampp/htdocs/tarefinha/protected/controllers/TarefasController.php(27): TarefasController->render()
#8 /opt/lampp/htdocs/yii/framework/web/actions/CInlineAction.php(49): TarefasController->actionCreate()
#9 /opt/lampp/htdocs/yii/framework/web/CController.php(308): CInlineAction->runWithParams()
#10 /opt/lampp/htdocs/yii/framework/web/CController.php(286): TarefasController->runAction()
#11 /opt/lampp/htdocs/yii/framework/web/CController.php(265): TarefasController->runActionWithFilters()
#12 /opt/lampp/htdocs/yii/framework/web/CWebApplication.php(282): TarefasController->run()
#13 /opt/lampp/htdocs/yii/framework/web/CWebApplication.php(141): CWebApplication->runController()
#14 /opt/lampp/htdocs/yii/framework/base/CApplication.php(185): CWebApplication->processRequest()
#15 /opt/lampp/htdocs/tarefinha/index.php(13): CWebApplication->run()
REQUEST_URI=/tarefinha/index.php?r=tarefas/create
in /opt/lampp/htdocs/tarefinha/protected/views/tarefas/_form.php (29)
in /opt/lampp/htdocs/tarefinha/protected/views/tarefas/create.php (19)
in /opt/lampp/htdocs/tarefinha/protected/controllers/TarefasController.php (27)
2018/06/29 21:48:48 [error] [php] Missing argument 3 for CActiveForm::dropDownList(), called in /opt/lampp/htdocs/tarefinha/protected/views/tarefas/_form.php on line 29 and defined (/opt/lampp/htdocs/yii/framework/web/widgets/CActiveForm.php:912)
Stack trace:
#0 /opt/lampp/htdocs/yii/framework/web/CBaseController.php(95): TarefasController->renderInternal()
#1 /opt/lampp/htdocs/yii/framework/web/CController.php(872): TarefasController->renderFile()
#2 /opt/lampp/htdocs/tarefinha/protected/views/tarefas/create.php(19): TarefasController->renderPartial()
#3 /opt/lampp/htdocs/yii/framework/web/CBaseController.php(126): require()
#4 /opt/lampp/htdocs/yii/framework/web/CBaseController.php(95): TarefasController->renderInternal()
#5 /opt/lampp/htdocs/yii/framework/web/CController.php(872): TarefasController->renderFile()
#6 /opt/lampp/htdocs/yii/framework/web/CController.php(785): TarefasController->renderPartial()
#7 /opt/lampp/htdocs/tarefinha/protected/controllers/TarefasController.php(27): TarefasController->render()
#8 /opt/lampp/htdocs/yii/framework/web/actions/CInlineAction.php(49): TarefasController->actionCreate()
#9 /opt/lampp/htdocs/yii/framework/web/CController.php(308): CInlineAction->runWithParams()
#10 /opt/lampp/htdocs/yii/framework/web/CController.php(286): TarefasController->runAction()
#11 /opt/lampp/htdocs/yii/framework/web/CController.php(265): TarefasController->runActionWithFilters()
#12 /opt/lampp/htdocs/yii/framework/web/CWebApplication.php(282): TarefasController->run()
#13 /opt/lampp/htdocs/yii/framework/web/CWebApplication.php(141): CWebApplication->runController()
#14 /opt/lampp/htdocs/yii/framework/base/CApplication.php(185): CWebApplication->processRequest()
#15 /opt/lampp/htdocs/tarefinha/index.php(13): CWebApplication->run()
REQUEST_URI=/tarefinha/index.php?r=tarefas/create
in /opt/lampp/htdocs/tarefinha/protected/views/tarefas/_form.php (29)
in /opt/lampp/htdocs/tarefinha/protected/views/tarefas/create.php (19)
in /opt/lampp/htdocs/tarefinha/protected/controllers/TarefasController.php (27)
2018/06/29 22:42:25 [error] [exception.CHttpException.404] exception 'CHttpException' with message 'Unable to resolve the request "giix".' in /opt/lampp/htdocs/yii/framework/web/CWebApplication.php:286
Stack trace:
#0 /opt/lampp/htdocs/yii/framework/web/CWebApplication.php(141): CWebApplication->runController('giix')
#1 /opt/lampp/htdocs/yii/framework/base/CApplication.php(185): CWebApplication->processRequest()
#2 /opt/lampp/htdocs/tarefinha/index.php(13): CApplication->run()
#3 {main}
REQUEST_URI=/tarefinha/index.php?r=giix
---
2018/06/29 22:42:58 [error] [system.db.CDbCommand] CDbCommand::execute() failed: SQLSTATE[23000]: Integrity constraint violation: 1451 Cannot delete or update a parent row: a foreign key constraint fails (`bd_teste`.`tarefas`, CONSTRAINT `tarefas_ibfk_1` FOREIGN KEY (`idUsuario`) REFERENCES `usuarios` (`ID_Usuario`)). The SQL statement executed was: DELETE FROM `usuarios` WHERE `usuarios`.`ID_Usuario`='1'.
in /opt/lampp/htdocs/tarefinha/protected/controllers/UsuariosController.php (52)
in /opt/lampp/htdocs/tarefinha/index.php (13)
2018/06/29 22:42:58 [error] [exception.CDbException] exception 'CDbException' with message 'CDbCommand failed to execute the SQL statement: SQLSTATE[23000]: Integrity constraint violation: 1451 Cannot delete or update a parent row: a foreign key constraint fails (`bd_teste`.`tarefas`, CONSTRAINT `tarefas_ibfk_1` FOREIGN KEY (`idUsuario`) REFERENCES `usuarios` (`ID_Usuario`)). The SQL statement executed was: DELETE FROM `usuarios` WHERE `usuarios`.`ID_Usuario`='1'' in /opt/lampp/htdocs/yii/framework/db/CDbCommand.php:358
Stack trace:
#0 /opt/lampp/htdocs/yii/framework/db/ar/CActiveRecord.php(1810): CDbCommand->execute()
#1 /opt/lampp/htdocs/yii/framework/db/ar/CActiveRecord.php(1230): CActiveRecord->deleteByPk('1')
#2 /opt/lampp/htdocs/tarefinha/protected/controllers/UsuariosController.php(52): CActiveRecord->delete()
#3 [internal function]: UsuariosController->actionDelete('1')
#4 /opt/lampp/htdocs/yii/framework/web/actions/CAction.php(109): ReflectionMethod->invokeArgs(Object(UsuariosController), Array)
#5 /opt/lampp/htdocs/yii/framework/web/actions/CInlineAction.php(47): CAction->runWithParamsInternal(Object(UsuariosController), Object(ReflectionMethod), Array)
#6 /opt/lampp/htdocs/yii/framework/web/CController.php(308): CInlineAction->runWithParams(Array)
#7 /opt/lampp/htdocs/yii/framework/web/CController.php(286): CController->runAction(Object(CInlineAction))
#8 /opt/lampp/htdocs/yii/framework/web/CController.php(265): CController->runActionWithFilters(Object(CInlineAction), Array)
#9 /opt/lampp/htdocs/yii/framework/web/CWebApplication.php(282): CController->run('delete')
#10 /opt/lampp/htdocs/yii/framework/web/CWebApplication.php(141): CWebApplication->runController('usuarios/delete')
#11 /opt/lampp/htdocs/yii/framework/base/CApplication.php(185): CWebApplication->processRequest()
#12 /opt/lampp/htdocs/tarefinha/index.php(13): CApplication->run()
#13 {main}
REQUEST_URI=/tarefinha/index.php?ajax=usuarios-grid&id=1&r=usuarios%2Fdelete
HTTP_REFERER=http://localhost/tarefinha/index.php?r=usuarios/admin
---
2018/06/29 22:43:03 [error] [system.db.CDbCommand] CDbCommand::execute() failed: SQLSTATE[23000]: Integrity constraint violation: 1451 Cannot delete or update a parent row: a foreign key constraint fails (`bd_teste`.`tarefas`, CONSTRAINT `tarefas_ibfk_1` FOREIGN KEY (`idUsuario`) REFERENCES `usuarios` (`ID_Usuario`)). The SQL statement executed was: DELETE FROM `usuarios` WHERE `usuarios`.`ID_Usuario`='1'.
in /opt/lampp/htdocs/tarefinha/protected/controllers/UsuariosController.php (52)
in /opt/lampp/htdocs/tarefinha/index.php (13)
2018/06/29 22:43:03 [error] [exception.CDbException] exception 'CDbException' with message 'CDbCommand failed to execute the SQL statement: SQLSTATE[23000]: Integrity constraint violation: 1451 Cannot delete or update a parent row: a foreign key constraint fails (`bd_teste`.`tarefas`, CONSTRAINT `tarefas_ibfk_1` FOREIGN KEY (`idUsuario`) REFERENCES `usuarios` (`ID_Usuario`)). The SQL statement executed was: DELETE FROM `usuarios` WHERE `usuarios`.`ID_Usuario`='1'' in /opt/lampp/htdocs/yii/framework/db/CDbCommand.php:358
Stack trace:
#0 /opt/lampp/htdocs/yii/framework/db/ar/CActiveRecord.php(1810): CDbCommand->execute()
#1 /opt/lampp/htdocs/yii/framework/db/ar/CActiveRecord.php(1230): CActiveRecord->deleteByPk('1')
#2 /opt/lampp/htdocs/tarefinha/protected/controllers/UsuariosController.php(52): CActiveRecord->delete()
#3 [internal function]: UsuariosController->actionDelete('1')
#4 /opt/lampp/htdocs/yii/framework/web/actions/CAction.php(109): ReflectionMethod->invokeArgs(Object(UsuariosController), Array)
#5 /opt/lampp/htdocs/yii/framework/web/actions/CInlineAction.php(47): CAction->runWithParamsInternal(Object(UsuariosController), Object(ReflectionMethod), Array)
#6 /opt/lampp/htdocs/yii/framework/web/CController.php(308): CInlineAction->runWithParams(Array)
#7 /opt/lampp/htdocs/yii/framework/web/CController.php(286): CController->runAction(Object(CInlineAction))
#8 /opt/lampp/htdocs/yii/framework/web/CController.php(265): CController->runActionWithFilters(Object(CInlineAction), Array)
#9 /opt/lampp/htdocs/yii/framework/web/CWebApplication.php(282): CController->run('delete')
#10 /opt/lampp/htdocs/yii/framework/web/CWebApplication.php(141): CWebApplication->runController('usuarios/delete')
#11 /opt/lampp/htdocs/yii/framework/base/CApplication.php(185): CWebApplication->processRequest()
#12 /opt/lampp/htdocs/tarefinha/index.php(13): CApplication->run()
#13 {main}
REQUEST_URI=/tarefinha/index.php?ajax=usuarios-grid&id=1&r=usuarios%2Fdelete
HTTP_REFERER=http://localhost/tarefinha/index.php?r=usuarios/admin
---
